This is pdfTeX, Version 3.141592653-2.6-1.40.24 (TeX Live 2022) (preloaded format=pdflatex 2022.11.29)  30 NOV 2023 15:30
entering extended mode
 restricted \write18 enabled.
 file:line:error style messages enabled.
 %&-line parsing enabled.
**Pappus.tex
(./Pappus.tex
LaTeX2e <2021-11-15> patch level 1
L3 programming layer <2022-02-24>
(/usr/local/texlive/2022basic/texmf-dist/tex/latex/base/article.cls
Document Class: article 2021/10/04 v1.4n Standard LaTeX document class
(/usr/local/texlive/2022basic/texmf-dist/tex/latex/base/size11.clo
File: size11.clo 2021/10/04 v1.4n Standard LaTeX file (size option)
)
\c@part=\count185
\c@section=\count186
\c@subsection=\count187
\c@subsubsection=\count188
\c@paragraph=\count189
\c@subparagraph=\count190
\c@figure=\count191
\c@table=\count192
\abovecaptionskip=\skip47
\belowcaptionskip=\skip48
\bibindent=\dimen138
)
(/usr/local/texlive/2022basic/texmf-dist/tex/latex/geometry/geometry.sty
Package: geometry 2020/01/02 v5.9 Page Geometry

(/usr/local/texlive/2022basic/texmf-dist/tex/latex/graphics/keyval.sty
Package: keyval 2014/10/28 v1.15 key=value parser (DPC)
\KV@toks@=\toks16
)
(/usr/local/texlive/2022basic/texmf-dist/tex/generic/iftex/ifvtex.sty
Package: ifvtex 2019/10/25 v1.7 ifvtex legacy package. Use iftex instead.

(/usr/local/texlive/2022basic/texmf-dist/tex/generic/iftex/iftex.sty
Package: iftex 2022/02/03 v1.0f TeX engine tests
))
\Gm@cnth=\count193
\Gm@cntv=\count194
\c@Gm@tempcnt=\count195
\Gm@bindingoffset=\dimen139
\Gm@wd@mp=\dimen140
\Gm@odd@mp=\dimen141
\Gm@even@mp=\dimen142
\Gm@layoutwidth=\dimen143
\Gm@layoutheight=\dimen144
\Gm@layouthoffset=\dimen145
\Gm@layoutvoffset=\dimen146
\Gm@dimlist=\toks17
)
(/usr/local/texlive/2022basic/texmf-dist/tex/latex/graphics/graphicx.sty
Package: graphicx 2021/09/16 v1.2d Enhanced LaTeX Graphics (DPC,SPQR)

(/usr/local/texlive/2022basic/texmf-dist/tex/latex/graphics/graphics.sty
Package: graphics 2021/03/04 v1.4d Standard LaTeX Graphics (DPC,SPQR)

(/usr/local/texlive/2022basic/texmf-dist/tex/latex/graphics/trig.sty
Package: trig 2021/08/11 v1.11 sin cos tan (DPC)
)
(/usr/local/texlive/2022basic/texmf-dist/tex/latex/graphics-cfg/graphics.cfg
File: graphics.cfg 2016/06/04 v1.11 sample graphics configuration
)
Package graphics Info: Driver file: pdftex.def on input line 107.

(/usr/local/texlive/2022basic/texmf-dist/tex/latex/graphics-def/pdftex.def
File: pdftex.def 2020/10/05 v1.2a Graphics/color driver for pdftex
))
\Gin@req@height=\dimen147
\Gin@req@width=\dimen148
)
(/usr/local/texlive/2022basic/texmf-dist/tex/latex/amsfonts/amssymb.sty
Package: amssymb 2013/01/14 v3.01 AMS font symbols

(/usr/local/texlive/2022basic/texmf-dist/tex/latex/amsfonts/amsfonts.sty
Package: amsfonts 2013/01/14 v3.01 Basic AMSFonts support
\@emptytoks=\toks18
\symAMSa=\mathgroup4
\symAMSb=\mathgroup5
LaTeX Font Info:    Redeclaring math symbol \hbar on input line 98.
LaTeX Font Info:    Overwriting math alphabet `\mathfrak' in version `bold'
(Font)                  U/euf/m/n --> U/euf/b/n on input line 106.
))
(/usr/local/texlive/2022basic/texmf-dist/tex/latex/amsmath/amsmath.sty
Package: amsmath 2021/10/15 v2.17l AMS math features
\@mathmargin=\skip49

For additional information on amsmath, use the `?' option.
(/usr/local/texlive/2022basic/texmf-dist/tex/latex/amsmath/amstext.sty
Package: amstext 2021/08/26 v2.01 AMS text

(/usr/local/texlive/2022basic/texmf-dist/tex/latex/amsmath/amsgen.sty
File: amsgen.sty 1999/11/30 v2.0 generic functions
\@emptytoks=\toks19
\ex@=\dimen149
))
(/usr/local/texlive/2022basic/texmf-dist/tex/latex/amsmath/amsbsy.sty
Package: amsbsy 1999/11/29 v1.2d Bold Symbols
\pmbraise@=\dimen150
)
(/usr/local/texlive/2022basic/texmf-dist/tex/latex/amsmath/amsopn.sty
Package: amsopn 2021/08/26 v2.02 operator names
)
\inf@bad=\count196
LaTeX Info: Redefining \frac on input line 234.
\uproot@=\count197
\leftroot@=\count198
LaTeX Info: Redefining \overline on input line 399.
\classnum@=\count199
\DOTSCASE@=\count266
LaTeX Info: Redefining \ldots on input line 496.
LaTeX Info: Redefining \dots on input line 499.
LaTeX Info: Redefining \cdots on input line 620.
\Mathstrutbox@=\box50
\strutbox@=\box51
\big@size=\dimen151
LaTeX Font Info:    Redeclaring font encoding OML on input line 743.
LaTeX Font Info:    Redeclaring font encoding OMS on input line 744.
\macc@depth=\count267
\c@MaxMatrixCols=\count268
\dotsspace@=\muskip16
\c@parentequation=\count269
\dspbrk@lvl=\count270
\tag@help=\toks20
\row@=\count271
\column@=\count272
\maxfields@=\count273
\andhelp@=\toks21
\eqnshift@=\dimen152
\alignsep@=\dimen153
\tagshift@=\dimen154
\tagwidth@=\dimen155
\totwidth@=\dimen156
\lineht@=\dimen157
\@envbody=\toks22
\multlinegap=\skip50
\multlinetaggap=\skip51
\mathdisplay@stack=\toks23
LaTeX Info: Redefining \[ on input line 2938.
LaTeX Info: Redefining \] on input line 2939.
)
(/usr/local/texlive/2022basic/texmf-dist/tex/latex/parskip/parskip.sty
Package: parskip 2021-03-14 v2.0h non-zero parskip adjustments

(/usr/local/texlive/2022basic/texmf-dist/tex/latex/kvoptions/kvoptions.sty
Package: kvoptions 2020-10-07 v3.14 Key value format for package options (HO)

(/usr/local/texlive/2022basic/texmf-dist/tex/generic/ltxcmds/ltxcmds.sty
Package: ltxcmds 2020-05-10 v1.25 LaTeX kernel commands for general use (HO)
)
(/usr/local/texlive/2022basic/texmf-dist/tex/generic/kvsetkeys/kvsetkeys.sty
Package: kvsetkeys 2019/12/15 v1.18 Key value parser (HO)
))
(/usr/local/texlive/2022basic/texmf-dist/tex/latex/etoolbox/etoolbox.sty
Package: etoolbox 2020/10/05 v2.5k e-TeX tools for LaTeX (JAW)
\etb@tempcnta=\count274
))
(/usr/local/texlive/2022basic/texmf-dist/tex/latex/graphics/color.sty
Package: color 2021/12/07 v1.3c Standard LaTeX Color (DPC)

(/usr/local/texlive/2022basic/texmf-dist/tex/latex/graphics-cfg/color.cfg
File: color.cfg 2016/01/02 v1.6 sample color configuration
)
Package color Info: Driver file: pdftex.def on input line 149.
)
(/usr/local/texlive/2022basic/texmf-dist/tex/latex/hyperref/hyperref.sty
Package: hyperref 2022-02-21 v7.00n Hypertext links for LaTeX

(/usr/local/texlive/2022basic/texmf-dist/tex/generic/pdftexcmds/pdftexcmds.sty
Package: pdftexcmds 2020-06-27 v0.33 Utility functions of pdfTeX for LuaTeX (HO
)

(/usr/local/texlive/2022basic/texmf-dist/tex/generic/infwarerr/infwarerr.sty
Package: infwarerr 2019/12/03 v1.5 Providing info/warning/error messages (HO)
)
Package pdftexcmds Info: \pdf@primitive is available.
Package pdftexcmds Info: \pdf@ifprimitive is available.
Package pdftexcmds Info: \pdfdraftmode found.
)
(/usr/local/texlive/2022basic/texmf-dist/tex/generic/kvdefinekeys/kvdefinekeys.
sty
Package: kvdefinekeys 2019-12-19 v1.6 Define keys (HO)
)
(/usr/local/texlive/2022basic/texmf-dist/tex/generic/pdfescape/pdfescape.sty
Package: pdfescape 2019/12/09 v1.15 Implements pdfTeX's escape features (HO)
)
(/usr/local/texlive/2022basic/texmf-dist/tex/latex/hycolor/hycolor.sty
Package: hycolor 2020-01-27 v1.10 Color options for hyperref/bookmark (HO)
)
(/usr/local/texlive/2022basic/texmf-dist/tex/latex/letltxmacro/letltxmacro.sty
Package: letltxmacro 2019/12/03 v1.6 Let assignment for LaTeX macros (HO)
) (/usr/local/texlive/2022basic/texmf-dist/tex/latex/auxhook/auxhook.sty
Package: auxhook 2019-12-17 v1.6 Hooks for auxiliary files (HO)
)
\@linkdim=\dimen158
\Hy@linkcounter=\count275
\Hy@pagecounter=\count276

(/usr/local/texlive/2022basic/texmf-dist/tex/latex/hyperref/pd1enc.def
File: pd1enc.def 2022-02-21 v7.00n Hyperref: PDFDocEncoding definition (HO)
Now handling font encoding PD1 ...
... no UTF-8 mapping file for font encoding PD1
)
(/usr/local/texlive/2022basic/texmf-dist/tex/generic/intcalc/intcalc.sty
Package: intcalc 2019/12/15 v1.3 Expandable calculations with integers (HO)
)
(/usr/local/texlive/2022basic/texmf-dist/tex/generic/etexcmds/etexcmds.sty
Package: etexcmds 2019/12/15 v1.7 Avoid name clashes with e-TeX commands (HO)
)
\Hy@SavedSpaceFactor=\count277

(/usr/local/texlive/2022basic/texmf-dist/tex/latex/hyperref/puenc.def
File: puenc.def 2022-02-21 v7.00n Hyperref: PDF Unicode definition (HO)
Now handling font encoding PU ...
... no UTF-8 mapping file for font encoding PU
)
Package hyperref Info: Hyper figures OFF on input line 4137.
Package hyperref Info: Link nesting OFF on input line 4142.
Package hyperref Info: Hyper index ON on input line 4145.
Package hyperref Info: Plain pages OFF on input line 4152.
Package hyperref Info: Backreferencing OFF on input line 4157.
Package hyperref Info: Implicit mode ON; LaTeX internals redefined.
Package hyperref Info: Bookmarks ON on input line 4390.
\c@Hy@tempcnt=\count278

(/usr/local/texlive/2022basic/texmf-dist/tex/latex/url/url.sty
\Urlmuskip=\muskip17
Package: url 2013/09/16  ver 3.4  Verb mode for urls, etc.
)
LaTeX Info: Redefining \url on input line 4749.
\XeTeXLinkMargin=\dimen159

(/usr/local/texlive/2022basic/texmf-dist/tex/generic/bitset/bitset.sty
Package: bitset 2019/12/09 v1.3 Handle bit-vector datatype (HO)

(/usr/local/texlive/2022basic/texmf-dist/tex/generic/bigintcalc/bigintcalc.sty
Package: bigintcalc 2019/12/15 v1.5 Expandable calculations on big integers (HO
)
))
\Fld@menulength=\count279
\Field@Width=\dimen160
\Fld@charsize=\dimen161
Package hyperref Info: Hyper figures OFF on input line 6027.
Package hyperref Info: Link nesting OFF on input line 6032.
Package hyperref Info: Hyper index ON on input line 6035.
Package hyperref Info: backreferencing OFF on input line 6042.
Package hyperref Info: Link coloring OFF on input line 6047.
Package hyperref Info: Link coloring with OCG OFF on input line 6052.
Package hyperref Info: PDF/A mode OFF on input line 6057.
LaTeX Info: Redefining \ref on input line 6097.
LaTeX Info: Redefining \pageref on input line 6101.
 (/usr/local/texlive/2022basic/texmf-dist/tex/latex/base/atbegshi-ltx.sty
Package: atbegshi-ltx 2021/01/10 v1.0c Emulation of the original atbegshi
package with kernel methods
)
\Hy@abspage=\count280
\c@Item=\count281
\c@Hfootnote=\count282
)
Package hyperref Info: Driver (autodetected): hpdftex.

(/usr/local/texlive/2022basic/texmf-dist/tex/latex/hyperref/hpdftex.def
File: hpdftex.def 2022-02-21 v7.00n Hyperref driver for pdfTeX

(/usr/local/texlive/2022basic/texmf-dist/tex/latex/base/atveryend-ltx.sty
Package: atveryend-ltx 2020/08/19 v1.0a Emulation of the original atveryend pac
kage
with kernel methods
)
\Fld@listcount=\count283
\c@bookmark@seq@number=\count284

(/usr/local/texlive/2022basic/texmf-dist/tex/latex/rerunfilecheck/rerunfilechec
k.sty
Package: rerunfilecheck 2019/12/05 v1.9 Rerun checks for auxiliary files (HO)

(/usr/local/texlive/2022basic/texmf-dist/tex/generic/uniquecounter/uniquecounte
r.sty
Package: uniquecounter 2019/12/15 v1.4 Provide unlimited unique counter (HO)
)
Package uniquecounter Info: New unique counter `rerunfilecheck' on input line 2
86.
)
\Hy@SectionHShift=\skip52
)
(/usr/local/texlive/2022basic/texmf-dist/tex/latex/l3backend/l3backend-pdftex.d
ef
File: l3backend-pdftex.def 2022-02-07 L3 backend support: PDF output (pdfTeX)
\l__color_backend_stack_int=\count285
\l__pdf_internal_box=\box52
)
No file Pappus.aux.
\openout1 = `Pappus.aux'.

LaTeX Font Info:    Checking defaults for OML/cmm/m/it on input line 18.
LaTeX Font Info:    ... okay on input line 18.
LaTeX Font Info:    Checking defaults for OMS/cmsy/m/n on input line 18.
LaTeX Font Info:    ... okay on input line 18.
LaTeX Font Info:    Checking defaults for OT1/cmr/m/n on input line 18.
LaTeX Font Info:    ... okay on input line 18.
LaTeX Font Info:    Checking defaults for T1/cmr/m/n on input line 18.
LaTeX Font Info:    ... okay on input line 18.
LaTeX Font Info:    Checking defaults for TS1/cmr/m/n on input line 18.
LaTeX Font Info:    ... okay on input line 18.
LaTeX Font Info:    Checking defaults for OMX/cmex/m/n on input line 18.
LaTeX Font Info:    ... okay on input line 18.
LaTeX Font Info:    Checking defaults for U/cmr/m/n on input line 18.
LaTeX Font Info:    ... okay on input line 18.
LaTeX Font Info:    Checking defaults for PD1/pdf/m/n on input line 18.
LaTeX Font Info:    ... okay on input line 18.
LaTeX Font Info:    Checking defaults for PU/pdf/m/n on input line 18.
LaTeX Font Info:    ... okay on input line 18.
*geometry* driver: auto-detecting
*geometry* detected driver: pdftex
*geometry* verbose mode - [ preamble ] result:
* driver: pdftex
* paper: letterpaper
* layout: <same size as paper>
* layoutoffset:(h,v)=(0.0pt,0.0pt)
* modes: 
* h-part:(L,W,R)=(92.14519pt, 430.00462pt, 92.14519pt)
* v-part:(T,H,B)=(95.39737pt, 556.47656pt, 143.09605pt)
* \paperwidth=614.295pt
* \paperheight=794.96999pt
* \textwidth=430.00462pt
* \textheight=556.47656pt
* \oddsidemargin=19.8752pt
* \evensidemargin=19.8752pt
* \topmargin=-13.87262pt
* \headheight=12.0pt
* \headsep=25.0pt
* \topskip=11.0pt
* \footskip=30.0pt
* \marginparwidth=59.0pt
* \marginparsep=10.0pt
* \columnsep=10.0pt
* \skip\footins=10.0pt plus 4.0pt minus 2.0pt
* \hoffset=0.0pt
* \voffset=0.0pt
* \mag=1000
* \@twocolumnfalse
* \@twosidefalse
* \@mparswitchfalse
* \@reversemarginfalse
* (1in=72.27pt=25.4mm, 1cm=28.453pt)

(/usr/local/texlive/2022basic/texmf-dist/tex/context/base/mkii/supp-pdf.mkii
[Loading MPS to PDF converter (version 2006.09.02).]
\scratchcounter=\count286
\scratchdimen=\dimen162
\scratchbox=\box53
\nofMPsegments=\count287
\nofMParguments=\count288
\everyMPshowfont=\toks24
\MPscratchCnt=\count289
\MPscratchDim=\dimen163
\MPnumerator=\count290
\makeMPintoPDFobject=\count291
\everyMPtoPDFconversion=\toks25
)
(/usr/local/texlive/2022basic/texmf-dist/tex/latex/epstopdf-pkg/epstopdf-base.s
ty
Package: epstopdf-base 2020-01-24 v2.11 Base part for package epstopdf
Package epstopdf-base Info: Redefining graphics rule for `.eps' on input line 4
85.

(/usr/local/texlive/2022basic/texmf-dist/tex/latex/latexconfig/epstopdf-sys.cfg
File: epstopdf-sys.cfg 2010/07/13 v1.3 Configuration of (r)epstopdf for TeX Liv
e
))
Package hyperref Info: Link coloring OFF on input line 18.
 (/usr/local/texlive/2022basic/texmf-dist/tex/latex/hyperref/nameref.sty
Package: nameref 2021-04-02 v2.47 Cross-referencing by name of section

(/usr/local/texlive/2022basic/texmf-dist/tex/latex/refcount/refcount.sty
Package: refcount 2019/12/15 v3.6 Data extraction from label references (HO)
)
(/usr/local/texlive/2022basic/texmf-dist/tex/generic/gettitlestring/gettitlestr
ing.sty
Package: gettitlestring 2019/12/15 v1.6 Cleanup title references (HO)
)
\c@section@level=\count292
)
LaTeX Info: Redefining \ref on input line 18.
LaTeX Info: Redefining \pageref on input line 18.
LaTeX Info: Redefining \nameref on input line 18.
\@outlinefile=\write3
\openout3 = `Pappus.out'.

LaTeX Font Info:    Trying to load font information for U+msa on input line 20.

 (/usr/local/texlive/2022basic/texmf-dist/tex/latex/amsfonts/umsa.fd
File: umsa.fd 2013/01/14 v3.01 AMS symbols A
)
LaTeX Font Info:    Trying to load font information for U+msb on input line 20.


(/usr/local/texlive/2022basic/texmf-dist/tex/latex/amsfonts/umsb.fd
File: umsb.fd 2013/01/14 v3.01 AMS symbols B
)

LaTeX Warning: No \author given.


LaTeX Warning: Hyper reference `sec:Menelaus_theorem' on page 1 undefined on in
put line 26.

</Users/telliott/Github-math/figures//menelaus1.png, id=4, 495.8525pt x 349.305
pt>
File: /Users/telliott/Github-math/figures//menelaus1.png Graphic file (type png
)
<use /Users/telliott/Github-math/figures//menelaus1.png>
Package pdftex.def Info: /Users/telliott/Github-math/figures//menelaus1.png  us
ed on input line 32.
(pdftex.def)             Requested size: 198.33748pt x 139.71951pt.
[1

{/usr/local/texlive/2022basic/texmf-var/fonts/map/pdftex/updmap/pdftex.map} </U
sers/telliott/Github-math/figures//menelaus1.png>]
Overfull \hbox (4.8966pt too wide) in paragraph at lines 41--42
[]\OT1/cmr/m/n/14.4 One way to re-mem-ber the terms is that, go-ing around coun
ter-clockwise,
 []

</Users/telliott/Github-math/figures//menelaus3.png, id=19, 641.39626pt x 401.5
pt>
File: /Users/telliott/Github-math/figures//menelaus3.png Graphic file (type png
)
<use /Users/telliott/Github-math/figures//menelaus3.png>
Package pdftex.def Info: /Users/telliott/Github-math/figures//menelaus3.png  us
ed on input line 47.
(pdftex.def)             Requested size: 256.55396pt x 160.59715pt.
[2 </Users/telliott/Github-math/figures//menelaus3.png>]
</Users/telliott/Github-math/figures//menelaus4.png, id=25, 1043.9pt x 600.2425
pt>
File: /Users/telliott/Github-math/figures//menelaus4.png Graphic file (type png
)
<use /Users/telliott/Github-math/figures//menelaus4.png>
Package pdftex.def Info: /Users/telliott/Github-math/figures//menelaus4.png  us
ed on input line 62.
(pdftex.def)             Requested size: 156.57823pt x 90.03249pt.
</Users/telliott/Github-math/figures//menelaus5.png, id=26, 2302.6025pt x 752.8
125pt>
File: /Users/telliott/Github-math/figures//menelaus5.png Graphic file (type png
)
<use /Users/telliott/Github-math/figures//menelaus5.png>
Package pdftex.def Info: /Users/telliott/Github-math/figures//menelaus5.png  us
ed on input line 66.
(pdftex.def)             Requested size: 345.37547pt x 112.91699pt.
 [3 </Users/telliott/Github-math/figures//menelaus4.png> </Users/telliott/Githu
b-math/figures//menelaus5.png>]
</Users/telliott/Github-math/figures//pp0.png, id=35, 406.51875pt x 437.635pt>
File: /Users/telliott/Github-math/figures//pp0.png Graphic file (type png)
<use /Users/telliott/Github-math/figures//pp0.png>
Package pdftex.def Info: /Users/telliott/Github-math/figures//pp0.png  used on 
input line 85.
(pdftex.def)             Requested size: 162.60461pt x 175.05089pt.
 [4 </Users/telliott/Github-math/figures//pp0.png>]
</Users/telliott/Github-math/figures//pp1.png, id=42, 469.755pt x 340.27126pt>
File: /Users/telliott/Github-math/figures//pp1.png Graphic file (type png)
<use /Users/telliott/Github-math/figures//pp1.png>
Package pdftex.def Info: /Users/telliott/Github-math/figures//pp1.png  used on 
input line 93.
(pdftex.def)             Requested size: 164.41672pt x 119.09671pt.
</Users/telliott/Github-math/figures//pp2.png, id=43, 454.69875pt x 441.65pt>
File: /Users/telliott/Github-math/figures//pp2.png Graphic file (type png)
<use /Users/telliott/Github-math/figures//pp2.png>
Package pdftex.def Info: /Users/telliott/Github-math/figures//pp2.png  used on 
input line 100.
(pdftex.def)             Requested size: 159.14694pt x 154.5798pt.
 [5 </Users/telliott/Github-math/figures//pp1.png> </Users/telliott/Github-math
/figures//pp2.png>]
</Users/telliott/Github-math/figures//pp3.png, id=50, 473.77pt x 486.81876pt>
File: /Users/telliott/Github-math/figures//pp3.png Graphic file (type png)
<use /Users/telliott/Github-math/figures//pp3.png>
Package pdftex.def Info: /Users/telliott/Github-math/figures//pp3.png  used on 
input line 103.
(pdftex.def)             Requested size: 165.82198pt x 170.38911pt.
</Users/telliott/Github-math/figures//pp11.png, id=51, 899.36pt x 459.7175pt>
File: /Users/telliott/Github-math/figures//pp11.png Graphic file (type png)
<use /Users/telliott/Github-math/figures//pp11.png>
Package pdftex.def Info: /Users/telliott/Github-math/figures//pp11.png  used on
 input line 110.
(pdftex.def)             Requested size: 314.78072pt x 160.90353pt.

[6 </Users/telliott/Github-math/figures//pp3.png> </Users/telliott/Github-math/
figures//pp11.png>]
</Users/telliott/Github-math/figures//pp12.png, id=58, 884.30376pt x 475.7775pt
>
File: /Users/telliott/Github-math/figures//pp12.png Graphic file (type png)
<use /Users/telliott/Github-math/figures//pp12.png>
Package pdftex.def Info: /Users/telliott/Github-math/figures//pp12.png  used on
 input line 117.
(pdftex.def)             Requested size: 309.51096pt x 166.52461pt.
</Users/telliott/Github-math/figures//pp13.png, id=59, 907.39pt x 475.7775pt>
File: /Users/telliott/Github-math/figures//pp13.png Graphic file (type png)
<use /Users/telliott/Github-math/figures//pp13.png>
Package pdftex.def Info: /Users/telliott/Github-math/figures//pp13.png  used on
 input line 121.
(pdftex.def)             Requested size: 317.59126pt x 166.52461pt.
 [7 </Users/telliott/Github-math/figures//pp12.png> </Users/telliott/Github-mat
h/figures//pp13.png>]
</Users/telliott/Github-math/figures//pp14.png, id=68, 901.3675pt x 486.81876pt
>
File: /Users/telliott/Github-math/figures//pp14.png Graphic file (type png)
<use /Users/telliott/Github-math/figures//pp14.png>
Package pdftex.def Info: /Users/telliott/Github-math/figures//pp14.png  used on
 input line 128.
(pdftex.def)             Requested size: 315.48334pt x 170.38911pt.
 [8 </Users/telliott/Github-math/figures//pp14.png>]
</Users/telliott/Github-math/figures//pp15.png, id=74, 901.3675pt x 472.76625pt
>
File: /Users/telliott/Github-math/figures//pp15.png Graphic file (type png)
<use /Users/telliott/Github-math/figures//pp15.png>
Package pdftex.def Info: /Users/telliott/Github-math/figures//pp15.png  used on
 input line 149.
(pdftex.def)             Requested size: 315.48334pt x 165.47066pt.
</Users/telliott/Github-math/figures//pp16.png, id=75, 906.38625pt x 478.78876p
t>
File: /Users/telliott/Github-math/figures//pp16.png Graphic file (type png)
<use /Users/telliott/Github-math/figures//pp16.png>
Package pdftex.def Info: /Users/telliott/Github-math/figures//pp16.png  used on
 input line 153.
(pdftex.def)             Requested size: 317.23993pt x 167.57857pt.
 [9 </Users/telliott/Github-math/figures//pp15.png> </Users/telliott/Github-mat
h/figures//pp16.png>]
</Users/telliott/Github-math/figures//pappus4.png, id=83, 1505.625pt x 329.23pt
>
File: /Users/telliott/Github-math/figures//pappus4.png Graphic file (type png)
<use /Users/telliott/Github-math/figures//pappus4.png>
Package pdftex.def Info: /Users/telliott/Github-math/figures//pappus4.png  used
 on input line 163.
(pdftex.def)             Requested size: 255.95287pt x 55.96835pt.

Overfull \hbox (2.89992pt too wide) in paragraph at lines 171--172
[]\OT1/cmr/m/n/14.4 By the con-verse of Menelaus's the-o-rem, we have that $\OM
L/cmm/m/it/14.4 PQR$ \OT1/cmr/m/n/14.4 are collinear. 
 []

[10 </Users/telliott/Github-math/figures//pappus4.png>]
</Users/telliott/Github-math/figures//pappus5a.png, id=91, 879.285pt x 841.1425
pt>
File: /Users/telliott/Github-math/figures//pappus5a.png Graphic file (type png)

<use /Users/telliott/Github-math/figures//pappus5a.png>
Package pdftex.def Info: /Users/telliott/Github-math/figures//pappus5a.png  use
d on input line 181.
(pdftex.def)             Requested size: 175.85388pt x 168.22551pt.
</Users/telliott/Github-math/figures//pappus6a.png, id=92, 1126.2075pt x 1057.9
525pt>
File: /Users/telliott/Github-math/figures//pappus6a.png Graphic file (type png)

<use /Users/telliott/Github-math/figures//pappus6a.png>
Package pdftex.def Info: /Users/telliott/Github-math/figures//pappus6a.png  use
d on input line 182.
(pdftex.def)             Requested size: 225.2375pt x 211.58675pt.
 [11 </Users/telliott/Github-math/figures//pappus5a.png> </Users/telliott/Githu
b-math/figures//pappus6a.png>] (./Pappus.aux)

LaTeX Warning: There were undefined references.


Package rerunfilecheck Warning: File `Pappus.out' has changed.
(rerunfilecheck)                Rerun to get outlines right
(rerunfilecheck)                or use package `bookmark'.

Package rerunfilecheck Info: Checksums for `Pappus.out':
(rerunfilecheck)             Before: <no file>
(rerunfilecheck)             After:  D41D8CD98F00B204E9800998ECF8427E;0.
 ) 
Here is how much of TeX's memory you used:
 10341 strings out of 479719
 163839 string characters out of 5880573
 453751 words of memory out of 5000000
 28188 multiletter control sequences out of 15000+600000
 478063 words of font info for 62 fonts, out of 8000000 for 9000
 319 hyphenation exceptions out of 8191
 60i,6n,63p,517b,376s stack positions out of 10000i,1000n,20000p,200000b,200000s
</usr/local/texlive/2022basic/texmf-dist/fonts/type1/public/amsfonts/cm/cmbx1
2.pfb></usr/local/texlive/2022basic/texmf-dist/fonts/type1/public/amsfonts/cm/c
mmi10.pfb></usr/local/texlive/2022basic/texmf-dist/fonts/type1/public/amsfonts/
cm/cmmi12.pfb></usr/local/texlive/2022basic/texmf-dist/fonts/type1/public/amsfo
nts/cm/cmr10.pfb></usr/local/texlive/2022basic/texmf-dist/fonts/type1/public/am
sfonts/cm/cmr12.pfb></usr/local/texlive/2022basic/texmf-dist/fonts/type1/public
/amsfonts/cm/cmr17.pfb></usr/local/texlive/2022basic/texmf-dist/fonts/type1/pub
lic/amsfonts/cm/cmsy10.pfb></usr/local/texlive/2022basic/texmf-dist/fonts/type1
/public/amsfonts/cm/cmti12.pfb></usr/local/texlive/2022basic/texmf-dist/fonts/t
ype1/public/amsfonts/symbols/msam10.pfb>
Output written on Pappus.pdf (11 pages, 1183417 bytes).
PDF statistics:
 143 PDF objects out of 1000 (max. 8388607)
 77 compressed objects within 1 object stream
 17 named destinations out of 1000 (max. 500000)
 86 words of extra memory for PDF output out of 10000 (max. 10000000)

